<?xml version="1.0" encoding="UTF-8"?>
<testsuite xmlns:xsi="http://www.w3.org/2001/XMLSchema-instance" xsi:noNamespaceSchemaLocation="https://maven.apache.org/surefire/maven-surefire-plugin/xsd/surefire-test-report-3.0.xsd" version="3.0" name="CalculadoraTest" time="0.04" tests="5" errors="0" skipped="0" failures="0">
  <properties>
    <property name="java.specification.version" value="21"/>
    <property name="sun.jnu.encoding" value="UTF-8"/>
    <property name="java.class.path" value="/home/edu/Escritorio/Calculadora/Calculadora/target/test-classes:/home/edu/Escritorio/Calculadora/Calculadora/target/classes:/home/edu/.m2/repository/org/junit/jupiter/junit-jupiter-api/5.6.0/junit-jupiter-api-5.6.0.jar:/home/edu/.m2/repository/org/apiguardian/apiguardian-api/1.1.0/apiguardian-api-1.1.0.jar:/home/edu/.m2/repository/org/opentest4j/opentest4j/1.2.0/opentest4j-1.2.0.jar:/home/edu/.m2/repository/org/junit/platform/junit-platform-commons/1.6.0/junit-platform-commons-1.6.0.jar:/home/edu/.m2/repository/org/junit/jupiter/junit-jupiter-params/5.6.0/junit-jupiter-params-5.6.0.jar:/home/edu/.m2/repository/org/junit/jupiter/junit-jupiter-engine/5.6.0/junit-jupiter-engine-5.6.0.jar:/home/edu/.m2/repository/org/junit/platform/junit-platform-engine/1.6.0/junit-platform-engine-1.6.0.jar:"/>
    <property name="java.vm.vendor" value="Azul Systems, Inc."/>
    <property name="sun.arch.data.model" value="64"/>
    <property name="java.vendor.url" value="http://www.azul.com/"/>
    <property name="os.name" value="Linux"/>
    <property name="java.vm.specification.version" value="21"/>
    <property name="user.country" value="ES"/>
    <property name="sun.java.launcher" value="SUN_STANDARD"/>
    <property name="sun.boot.library.path" value="/home/edu/NetBeansJDKs/zulu21.32.17-ca-jdk21.0.2-linux_x64.tar/zulu21.32.17-ca-jdk21.0.2-linux_x64/lib"/>
    <property name="sun.java.command" value="/home/edu/Escritorio/Calculadora/Calculadora/target/surefire/surefirebooter-20240308160857441_3.jar /home/edu/Escritorio/Calculadora/Calculadora/target/surefire 2024-03-08T16-08-57_379-jvmRun1 surefire-20240308160857441_1tmp surefire_0-20240308160857441_2tmp"/>
    <property name="jdk.debug" value="release"/>
    <property name="test" value="CalculadoraTest"/>
    <property name="surefire.test.class.path" value="/home/edu/Escritorio/Calculadora/Calculadora/target/test-classes:/home/edu/Escritorio/Calculadora/Calculadora/target/classes:/home/edu/.m2/repository/org/junit/jupiter/junit-jupiter-api/5.6.0/junit-jupiter-api-5.6.0.jar:/home/edu/.m2/repository/org/apiguardian/apiguardian-api/1.1.0/apiguardian-api-1.1.0.jar:/home/edu/.m2/repository/org/opentest4j/opentest4j/1.2.0/opentest4j-1.2.0.jar:/home/edu/.m2/repository/org/junit/platform/junit-platform-commons/1.6.0/junit-platform-commons-1.6.0.jar:/home/edu/.m2/repository/org/junit/jupiter/junit-jupiter-params/5.6.0/junit-jupiter-params-5.6.0.jar:/home/edu/.m2/repository/org/junit/jupiter/junit-jupiter-engine/5.6.0/junit-jupiter-engine-5.6.0.jar:/home/edu/.m2/repository/org/junit/platform/junit-platform-engine/1.6.0/junit-platform-engine-1.6.0.jar:"/>
    <property name="sun.cpu.endian" value="little"/>
    <property name="user.home" value="/home/edu"/>
    <property name="user.language" value="es"/>
    <property name="java.specification.vendor" value="Oracle Corporation"/>
    <property name="java.version.date" value="2024-01-16"/>
    <property name="java.home" value="/home/edu/NetBeansJDKs/zulu21.32.17-ca-jdk21.0.2-linux_x64.tar/zulu21.32.17-ca-jdk21.0.2-linux_x64"/>
    <property name="file.separator" value="/"/>
    <property name="basedir" value="/home/edu/Escritorio/Calculadora/Calculadora"/>
    <property name="java.vm.compressedOopsMode" value="Zero based"/>
    <property name="line.separator" value="&#10;"/>
    <property name="java.vm.specification.vendor" value="Oracle Corporation"/>
    <property name="java.specification.name" value="Java Platform API Specification"/>
    <property name="surefire.real.class.path" value="/home/edu/Escritorio/Calculadora/Calculadora/target/surefire/surefirebooter-20240308160857441_3.jar"/>
    <property name="sun.management.compiler" value="HotSpot 64-Bit Tiered Compilers"/>
    <property name="java.runtime.version" value="21.0.2+13-LTS"/>
    <property name="user.name" value="edu"/>
    <property name="stdout.encoding" value="UTF-8"/>
    <property name="path.separator" value=":"/>
    <property name="os.version" value="5.15.0-100-generic"/>
    <property name="java.runtime.name" value="OpenJDK Runtime Environment"/>
    <property name="file.encoding" value="UTF-8"/>
    <property name="java.vm.name" value="OpenJDK 64-Bit Server VM"/>
    <property name="java.vendor.version" value="Zulu21.32+17-CA"/>
    <property name="maven.ext.class.path" value="/app/netbeans/java/maven-nblib/netbeans-eventspy.jar"/>
    <property name="localRepository" value="/home/edu/.m2/repository"/>
    <property name="java.vendor.url.bug" value="http://www.azul.com/support/"/>
    <property name="java.io.tmpdir" value="/tmp"/>
    <property name="java.version" value="21.0.2"/>
    <property name="user.dir" value="/home/edu/Escritorio/Calculadora/Calculadora"/>
    <property name="os.arch" value="amd64"/>
    <property name="java.vm.specification.name" value="Java Virtual Machine Specification"/>
    <property name="native.encoding" value="UTF-8"/>
    <property name="java.library.path" value=":/usr/java/packages/lib:/usr/lib64:/lib64:/lib:/usr/lib"/>
    <property name="java.vm.info" value="mixed mode, sharing"/>
    <property name="stderr.encoding" value="UTF-8"/>
    <property name="java.vendor" value="Azul Systems, Inc."/>
    <property name="java.vm.version" value="21.0.2+13-LTS"/>
    <property name="sun.io.unicode.encoding" value="UnicodeLittle"/>
    <property name="java.class.version" value="65.0"/>
  </properties>
  <testcase name="restaTest" classname="CalculadoraTest" time="0.017">
    <system-out><![CDATA[Antes de los test
RestaTest
Después de cada test
]]></system-out>
  </testcase>
  <testcase name="sumaTest" classname="CalculadoraTest" time="0.001">
    <system-out><![CDATA[SumaTest
Después de cada test
]]></system-out>
  </testcase>
  <testcase name="divideixTest" classname="CalculadoraTest" time="0.001">
    <system-out><![CDATA[DivideixTest
Después de cada test
]]></system-out>
  </testcase>
  <testcase name="majorQueTest" classname="CalculadoraTest" time="0.001">
    <system-out><![CDATA[MajorQueTest
Después de cada test
]]></system-out>
  </testcase>
  <testcase name="multiplicaTest" classname="CalculadoraTest" time="0.001">
    <system-out><![CDATA[MultiplicaTest
Después de cada test
]]></system-out>
  </testcase>
</testsuite>